<?xml version="1.0" encoding="UTF-8"?>
<!-- Generated by org.testng.reporters.JUnitReportReporter -->
<testsuite hostname="WKWIN3623033" failures="0" tests="9" name="dataDriven.FactoryExample" time="0.025" errors="0" timestamp="2023-01-23T15:11:52 IST" skipped="0">
  <testcase classname="dataDriven.FactoryExample" name="op_1" time="0.001"/>
  <system-out/>
  <testcase classname="dataDriven.FactoryExample" name="op_1" time="0.003"/>
  <system-out/>
  <testcase classname="dataDriven.FactoryExample" name="op_1" time="0.012"/>
  <system-out/>
  <testcase classname="dataDriven.FactoryExample" name="op_2" time="0.001"/>
  <system-out/>
  <testcase classname="dataDriven.FactoryExample" name="op_2" time="0.001"/>
  <system-out/>
  <testcase classname="dataDriven.FactoryExample" name="op_2" time="0.001"/>
  <system-out/>
  <testcase classname="dataDriven.FactoryExample" name="op_3" time="0.001"/>
  <system-out/>
  <testcase classname="dataDriven.FactoryExample" name="op_3" time="0.001"/>
  <system-out/>
  <testcase classname="dataDriven.FactoryExample" name="op_3" time="0.004"/>
  <system-out/>
</testsuite> <!-- dataDriven.FactoryExample -->
