<?xml version="1.0" encoding="UTF-8"?>
<!-- Generated by org.testng.reporters.JUnitReportReporter -->
<testsuite hostname="WKWIN3623033" failures="0" tests="3" name="restAssuredExercise.Exercise" time="4.402" errors="0" timestamp="2023-01-23T16:29:40 IST" skipped="0">
  <testcase classname="restAssuredExercise.Exercise" name="test_03" time="0.418"/>
  <system-out/>
  <testcase classname="restAssuredExercise.Exercise" name="test_02" time="0.524"/>
  <system-out/>
  <testcase classname="restAssuredExercise.Exercise" name="test_01" time="3.460"/>
  <system-out/>
</testsuite> <!-- restAssuredExercise.Exercise -->
