<?xml version="1.0" encoding="UTF-8"?>
<!-- Generated by org.testng.reporters.JUnitReportReporter -->
<testsuite hostname="WKWIN3623033" failures="0" tests="1" name="restapitesting.PutTesting" time="0.958" errors="0" timestamp="2023-01-20T16:02:39 IST" skipped="0">
  <testcase classname="restapitesting.PutTesting" name="put_01" time="0.958"/>
  <system-out/>
</testsuite> <!-- restapitesting.PutTesting -->
