<?xml version="1.0" encoding="UTF-8"?>
<!-- Generated by org.testng.reporters.JUnitReportReporter -->
<testsuite hostname="WKWIN3623033" failures="0" tests="3" name="wiremock.WireMockTest" time="2.631" errors="0" timestamp="2023-01-23T00:45:12 IST" skipped="0">
  <testcase classname="wiremock.WireMockTest" name="testStatusCodeNegative" time="0.117"/>
  <system-out/>
  <testcase classname="wiremock.WireMockTest" name="testResponseContents" time="2.482"/>
  <system-out/>
  <testcase classname="wiremock.WireMockTest" name="testStatusCodePositive" time="0.032"/>
  <system-out/>
</testsuite> <!-- wiremock.WireMockTest -->
