<?xml version="1.0" encoding="UTF-8"?>
<!-- Generated by org.testng.reporters.JUnitReportReporter -->
<testsuite hostname="WKWIN3623033" failures="0" tests="6" name="jsonPlaceHolder.JsonPlaceHolderTest" time="5.859" errors="0" timestamp="2023-01-22T21:32:42 IST" skipped="0">
  <testcase classname="jsonPlaceHolder.JsonPlaceHolderTest" name="getRequestWithQueryParam" time="0.715"/>
  <system-out/>
  <testcase classname="jsonPlaceHolder.JsonPlaceHolderTest" name="getRequest" time="1.126"/>
  <system-out/>
  <testcase classname="jsonPlaceHolder.JsonPlaceHolderTest" name="postRequest" time="0.838"/>
  <system-out/>
  <testcase classname="jsonPlaceHolder.JsonPlaceHolderTest" name="deleteRequest" time="1.544"/>
  <system-out/>
  <testcase classname="jsonPlaceHolder.JsonPlaceHolderTest" name="patchRequest" time="0.803"/>
  <system-out/>
  <testcase classname="jsonPlaceHolder.JsonPlaceHolderTest" name="putRequest" time="0.833"/>
  <system-out/>
</testsuite> <!-- jsonPlaceHolder.JsonPlaceHolderTest -->
