<?xml version="1.0" encoding="UTF-8"?>
<!-- Generated by org.testng.reporters.JUnitReportReporter -->
<testsuite hostname="WKWIN3623033" failures="0" tests="1" name="restapitesting.GetTesting" time="2.126" errors="0" timestamp="2023-01-20T14:56:49 IST" skipped="0">
  <testcase classname="restapitesting.GetTesting" name="get_method02" time="2.126"/>
  <system-out/>
</testsuite> <!-- restapitesting.GetTesting -->
