<?xml version="1.0" encoding="UTF-8"?>
<!-- Generated by org.testng.reporters.JUnitReportReporter -->
<testsuite hostname="WKWIN3623033" failures="0" tests="1" name="securedapi.Authentications" time="5.469" errors="0" timestamp="2023-01-23T13:42:29 IST" skipped="0">
  <testcase classname="securedapi.Authentications" name="digestauth" time="5.469"/>
  <system-out/>
</testsuite> <!-- securedapi.Authentications -->
