<?xml version="1.0" encoding="UTF-8"?>
<!-- Generated by org.testng.reporters.JUnitReportReporter -->
<testsuite hostname="WKWIN3623033" failures="0" tests="1" name="restapitesting.DeleteTesting" time="1.660" errors="0" timestamp="2023-01-20T16:05:09 IST" skipped="0">
  <testcase classname="restapitesting.DeleteTesting" name="TCDelete" time="1.660"/>
  <system-out/>
</testsuite> <!-- restapitesting.DeleteTesting -->
