<?xml version="1.0" encoding="UTF-8"?>
<!-- Generated by org.testng.reporters.JUnitReportReporter -->
<testsuite hostname="WKWIN3623033" failures="0" tests="1" name="restapitesting.PatchTesting" time="1.039" errors="0" timestamp="2023-01-20T16:03:29 IST" skipped="0">
  <testcase classname="restapitesting.PatchTesting" name="patch_01" time="1.039"/>
  <system-out/>
</testsuite> <!-- restapitesting.PatchTesting -->
