<?xml version="1.0" encoding="UTF-8"?>
<!-- Generated by org.testng.reporters.JUnitReportReporter -->
<testsuite hostname="WKWIN3623033" failures="0" tests="1" name="restapitesting.PostTesting" time="1.238" errors="0" timestamp="2023-01-20T15:59:37 IST" skipped="0">
  <testcase classname="restapitesting.PostTesting" name="post_01" time="1.238"/>
  <system-out/>
</testsuite> <!-- restapitesting.PostTesting -->
